<?xml version="1.0" encoding="UTF-8"?>
<!-- Generated by org.testng.reporters.JUnitReportReporter -->
<testsuite hostname="Peter" failures="0" tests="1" name="runner.LoginTestRunner" time="9.858" errors="0" timestamp="2024-08-02T11:18:01 EDT" skipped="0">
  <testcase classname="runner.LoginTestRunner" name="runScenario" time="9.858">
    <system-out>
      <![CDATA[Launching the browser using the URL:=https://www.demoblaze.com/index.html
Setting the text of the element:=By.id: loginusername with data:=bharathedu1
Setting the text of the element:=By.id: loginpassword with data:=123456
Clicking on the element with locator:=By.xpath: //button[text()='Log in']]]>
    </system-out>
  </testcase> <!-- runScenario -->
  <system-out>
    <![CDATA[Launching the browser using the URL:=https://www.demoblaze.com/index.html
Setting the text of the element:=By.id: loginusername with data:=bharathedu1
Setting the text of the element:=By.id: loginpassword with data:=123456
Clicking on the element with locator:=By.xpath: //button[text()='Log in']]]>
  </system-out>
</testsuite> <!-- runner.LoginTestRunner -->
